Using pre-set license
Built from '2021.1/staging' branch; Version is '2021.1.19f1 (5f5eb8bbdc25) revision 6250168'; Using compiler version '192528614'; Build Type 'Release'
OS: 'Windows 10 Home Single Language; OS build 19044.1348; Version 2009; 64bit' Language: 'ru' Physical Memory: 16168 MB
BatchMode: 1, IsHumanControllingUs: 0, StartBugReporterOnCrash: 0, Is64bit: 1, IsPro: 0

COMMAND LINE ARGUMENTS:
C:\Program Files\Unity 2021.1.19f1\Editor\Unity.exe
-adb2
-batchMode
-noUpm
-name
AssetImportWorker0
-projectPath
D:/GBC/GAME PROD/GameCreation/HeistAtHighNoon_Prototype
-logFile
Logs/AssetImportWorker0.log
-srvPort
58642
Successfully changed project path to: D:/GBC/GAME PROD/GameCreation/HeistAtHighNoon_Prototype
D:/GBC/GAME PROD/GameCreation/HeistAtHighNoon_Prototype
Using Asset Import Pipeline V2.
Refreshing native plugins compatible for Editor in 101.06 ms, found 4 plugins.
Preloading 0 native plugins for Editor in 0.00 ms.
Initialize engine version: 2021.1.19f1 (5f5eb8bbdc25)
[Subsystems] Discovering subsystems at path C:/Program Files/Unity 2021.1.19f1/Editor/Data/Resources/UnitySubsystems
[Subsystems] Discovering subsystems at path D:/GBC/GAME PROD/GameCreation/HeistAtHighNoon_Prototype/Assets
GfxDevice: creating device client; threaded=0; jobified=0
Direct3D:
    Version:  Direct3D 11.0 [level 11.1]
    Renderer: NVIDIA GeForce RTX 2070 Super (ID=0x1e91)
    Vendor:   NVIDIA
    VRAM:     8011 MB
    Driver:   30.0.14.9676
Initialize mono
Mono path[0] = 'C:/Program Files/Unity 2021.1.19f1/Editor/Data/Managed'
Mono path[1] = 'C:/Program Files/Unity 2021.1.19f1/Editor/Data/MonoBleedingEdge/lib/mono/unityjit'
Mono config path = 'C:/Program Files/Unity 2021.1.19f1/Editor/Data/MonoBleedingEdge/etc'
Using monoOptions --debugger-agent=transport=dt_socket,embedding=1,server=y,suspend=n,address=127.0.0.1:56448
Begin MonoManager ReloadAssembly
Registering precompiled unity dll's ...
Register platform support module: C:/Program Files/Unity 2021.1.19f1/Editor/Data/PlaybackEngines/WindowsStandaloneSupport/UnityEditor.WindowsStandalone.Extensions.dll
Registered in 0.002316 seconds.
Native extension for WindowsStandalone target not found
Refreshing native plugins compatible for Editor in 102.79 ms, found 4 plugins.
Preloading 0 native plugins for Editor in 0.00 ms.
Mono: successfully reloaded assembly
- Completed reload, in  1.165 seconds
Domain Reload Profiling:
	ReloadAssembly (1165ms)
		BeginReloadAssembly (62ms)
			ExecutionOrderSort (0ms)
			DisableScriptedObjects (0ms)
			BackupInstance (0ms)
			ReleaseScriptingObjects (0ms)
			CreateAndSetChildDomain (1ms)
		EndReloadAssembly (459ms)
			LoadAssemblies (59ms)
			RebuildTransferFunctionScriptingTraits (0ms)
			SetupTypeCache (159ms)
			ReleaseScriptCaches (0ms)
			RebuildScriptCaches (26ms)
			SetupLoadedEditorAssemblies (229ms)
				LogAssemblyErrors (0ms)
				InitializePlatformSupportModulesInManaged (6ms)
				SetLoadedEditorAssemblies (0ms)
				RefreshPlugins (103ms)
				BeforeProcessingInitializeOnLoad (1ms)
				ProcessInitializeOnLoadAttributes (92ms)
				ProcessInitializeOnLoadMethodAttributes (27ms)
				AfterProcessingInitializeOnLoad (0ms)
				EditorAssembliesLoaded (0ms)
			ExecutionOrderSort2 (0ms)
			AwakeInstancesAfterBackupRestoration (0ms)
Platform modules already initialized, skipping
Registering precompiled user dll's ...
Registered in 0.004129 seconds.
Begin MonoManager ReloadAssembly
Symbol file LoadedFromMemory doesn't match image D:\GBC\GAME PROD\GameCreation\HeistAtHighNoon_Prototype\Library\PackageCache\com.unity.visualscripting@1.6.1\Editor\VisualScripting.Core\Dependencies\YamlDotNet\Unity.VisualScripting.YamlDotNet.dll
Symbol file LoadedFromMemory doesn't match image D:\GBC\GAME PROD\GameCreation\HeistAtHighNoon_Prototype\Library\PackageCache\com.unity.visualscripting@1.6.1\Editor\VisualScripting.Core\Dependencies\DotNetZip\Unity.VisualScripting.IonicZip.dll
Native extension for WindowsStandalone target not found
Refreshing native plugins compatible for Editor in 106.13 ms, found 4 plugins.
Preloading 0 native plugins for Editor in 0.00 ms.
Mono: successfully reloaded assembly
- Completed reload, in  1.226 seconds
Domain Reload Profiling:
	ReloadAssembly (1227ms)
		BeginReloadAssembly (151ms)
			ExecutionOrderSort (0ms)
			DisableScriptedObjects (4ms)
			BackupInstance (0ms)
			ReleaseScriptingObjects (0ms)
			CreateAndSetChildDomain (17ms)
		EndReloadAssembly (1016ms)
			LoadAssemblies (106ms)
			RebuildTransferFunctionScriptingTraits (0ms)
			SetupTypeCache (342ms)
			ReleaseScriptCaches (1ms)
			RebuildScriptCaches (53ms)
			SetupLoadedEditorAssemblies (432ms)
				LogAssemblyErrors (0ms)
				InitializePlatformSupportModulesInManaged (5ms)
				SetLoadedEditorAssemblies (0ms)
				RefreshPlugins (106ms)
				BeforeProcessingInitializeOnLoad (86ms)
				ProcessInitializeOnLoadAttributes (211ms)
				ProcessInitializeOnLoadMethodAttributes (15ms)
				AfterProcessingInitializeOnLoad (8ms)
				EditorAssembliesLoaded (0ms)
			ExecutionOrderSort2 (0ms)
			AwakeInstancesAfterBackupRestoration (6ms)
Platform modules already initialized, skipping
========================================================================
Worker process is ready to serve import requests
Launched and connected shader compiler UnityShaderCompiler.exe after 0.05 seconds
Refreshing native plugins compatible for Editor in 1.19 ms, found 4 plugins.
Preloading 0 native plugins for Editor in 0.00 ms.
Unloading 3676 Unused Serialized files (Serialized files now loaded: 0)
System memory in use before: 136.9 MB.
System memory in use after: 137.1 MB.

Unloading 30 unused Assets to reduce memory usage. Loaded Objects now: 4128.
Total: 3.463100 ms (FindLiveObjects: 0.239700 ms CreateObjectMapping: 0.159100 ms MarkObjects: 2.935100 ms  DeleteObjects: 0.128500 ms)

AssetImportParameters requested are different than current active one (requested -> active):
  custom:framework-win-MediaFoundation: 216162199b28c13a410421893ffa2e32 -> 
  custom:video-decoder-ogg-theora: a1e56fd34408186e4bbccfd4996cb3dc -> 
  custom:container-muxer-webm: aa71ff27fc2769a1b78a27578f13a17b -> 
  custom:container-demuxer-webm: 4f35f7cbe854078d1ac9338744f61a02 -> 
  custom:container-demuxer-ogg: 62fdf1f143b41e24485cea50d1cbac27 -> 
  custom:video-encoder-webm-vp8: eb34c28f22e8b96e1ab97ce403110664 -> 
  custom:video-codec-MediaFoundation-h265: 746d11721c4dcdbdad8f713fa42b33f4 -> 
  custom:video-decoder-webm-vp8: 9c59270c3fd7afecdb556c50c9e8de78 -> 
  custom:audio-decoder-ogg-vorbis: bf7c407c2cedff20999df2af8eb42d56 -> 
  custom:audio-encoder-webm-vorbis: bf7c407c2cedff20999df2af8eb42d56 -> 
========================================================================
Received Import Request.
  path: Assets/assets
  artifactKey: Guid(2f9babe289553f341ae42b70125114b0) Importer(815301076,1909f56bfc062723c751e8b465ee728b)
Start importing Assets/assets using Guid(2f9babe289553f341ae42b70125114b0) Importer(815301076,1909f56bfc062723c751e8b465ee728b)  -> (artifact id: 'afa9237db59a40bad36a4f8cdf4dbbce') in 0.008294 seconds 
========================================================================
Received Import Request.
  Time since last request: 0.000190 seconds.
  path: Assets/assets/UI
  artifactKey: Guid(a3065c021d677ed44b8ad629408154bb) Importer(815301076,1909f56bfc062723c751e8b465ee728b)
Start importing Assets/assets/UI using Guid(a3065c021d677ed44b8ad629408154bb) Importer(815301076,1909f56bfc062723c751e8b465ee728b)  -> (artifact id: '682d5599f480a1249d4c3b507bf9b6bf') in 0.003320 seconds 
========================================================================
Received Import Request.
  Time since last request: 0.000285 seconds.
  path: Assets/Scripts
  artifactKey: Guid(791ef882ea6df2f44b2eb88ecc94312e) Importer(815301076,1909f56bfc062723c751e8b465ee728b)
Start importing Assets/Scripts using Guid(791ef882ea6df2f44b2eb88ecc94312e) Importer(815301076,1909f56bfc062723c751e8b465ee728b)  -> (artifact id: '6e82b5434976ba00c57f093ef60e73d4') in 0.003890 seconds 
========================================================================
Received Import Request.
  Time since last request: 95.576998 seconds.
  path: Assets/assets/UI/HUD_Version01.png
  artifactKey: Guid(4a5c7bd691a3e2e4abee7931c26e1578) Importer(815301076,1909f56bfc062723c751e8b465ee728b)
Start importing Assets/assets/UI/HUD_Version01.png using Guid(4a5c7bd691a3e2e4abee7931c26e1578) Importer(815301076,1909f56bfc062723c751e8b465ee728b)  -> (artifact id: 'b5cd5a7d2ac6225b445442864f03e9ed') in 0.113096 seconds 
========================================================================
Received Import Request.
  Time since last request: 66.332380 seconds.
  path: ProjectSettings/TagManager.asset
  artifactKey: Guid(00000000000000003000000000000000) Importer(815301076,1909f56bfc062723c751e8b465ee728b)
Start importing ProjectSettings/TagManager.asset using Guid(00000000000000003000000000000000) Importer(815301076,1909f56bfc062723c751e8b465ee728b)  -> (artifact id: '552caf57aac19d1dd92d7911bbda9135') in 0.009826 seconds 
========================================================================
Received Import Request.
  Time since last request: 137.852882 seconds.
  path: Assets/assets/UI/Hearts
  artifactKey: Guid(ee45326c7a3760b4dabcd5cd7a83403c) Importer(815301076,1909f56bfc062723c751e8b465ee728b)
Start importing Assets/assets/UI/Hearts using Guid(ee45326c7a3760b4dabcd5cd7a83403c) Importer(815301076,1909f56bfc062723c751e8b465ee728b)  -> (artifact id: 'bfbca0e5eeea12d087655675bc5a792a') in 0.003394 seconds 
========================================================================
Received Import Request.
  Time since last request: 1.377321 seconds.
  path: Assets/assets/UI/Hearts/PNG
  artifactKey: Guid(2eed8f0508c5fda479839c0bac4e170d) Importer(815301076,1909f56bfc062723c751e8b465ee728b)
Start importing Assets/assets/UI/Hearts/PNG using Guid(2eed8f0508c5fda479839c0bac4e170d) Importer(815301076,1909f56bfc062723c751e8b465ee728b)  -> (artifact id: '1c2b12c0a58bcffa60d635b515f0e11e') in 0.004017 seconds 
========================================================================
Received Import Request.
  Time since last request: 1.901979 seconds.
  path: Assets/assets/UI/Hearts/PNG/basic
  artifactKey: Guid(a6f0993ea70e56342a64c047d6216e45) Importer(815301076,1909f56bfc062723c751e8b465ee728b)
Start importing Assets/assets/UI/Hearts/PNG/basic using Guid(a6f0993ea70e56342a64c047d6216e45) Importer(815301076,1909f56bfc062723c751e8b465ee728b)  -> (artifact id: '47089a904d3daec343c43e4e844ba2f9') in 0.002893 seconds 
========================================================================
Received Import Request.
  Time since last request: 0.051839 seconds.
  path: Assets/assets/UI/Hearts/PNG/basic/background.png
  artifactKey: Guid(0f45c26afa8664a40ac3dc67bd418384) Importer(815301076,1909f56bfc062723c751e8b465ee728b)
Start importing Assets/assets/UI/Hearts/PNG/basic/background.png using Guid(0f45c26afa8664a40ac3dc67bd418384) Importer(815301076,1909f56bfc062723c751e8b465ee728b)  -> (artifact id: '3096ca09e9a4f3df80cd7bc87a253321') in 0.008643 seconds 
========================================================================
Received Import Request.
  Time since last request: 0.000141 seconds.
  path: Assets/assets/UI/Hearts/PNG/basic/heart.png
  artifactKey: Guid(5d23c62f749ec8f40ac8891b328e10c7) Importer(815301076,1909f56bfc062723c751e8b465ee728b)
Start importing Assets/assets/UI/Hearts/PNG/basic/heart.png using Guid(5d23c62f749ec8f40ac8891b328e10c7) Importer(815301076,1909f56bfc062723c751e8b465ee728b)  -> (artifact id: '3187b6e19e0ef385d1ee7aefaf6b4e48') in 0.010212 seconds 
========================================================================
Received Import Request.
  Time since last request: 0.000170 seconds.
  path: Assets/assets/UI/Hearts/PNG/basic/border.png
  artifactKey: Guid(527029749115c2e4f871ae30903c7437) Importer(815301076,1909f56bfc062723c751e8b465ee728b)
Start importing Assets/assets/UI/Hearts/PNG/basic/border.png using Guid(527029749115c2e4f871ae30903c7437) Importer(815301076,1909f56bfc062723c751e8b465ee728b)  -> (artifact id: '274b80a334d2efa0ccf233d72d6fab7d') in 0.009223 seconds 
========================================================================
Received Import Request.
  Time since last request: 558.791336 seconds.
  path: Assets/assets/UI/Fonts
  artifactKey: Guid(2bda97326931dae4b9651e0aac8793ff) Importer(815301076,1909f56bfc062723c751e8b465ee728b)
Start importing Assets/assets/UI/Fonts using Guid(2bda97326931dae4b9651e0aac8793ff) Importer(815301076,1909f56bfc062723c751e8b465ee728b)  -> (artifact id: 'b093547214e836e6cbea0b18455ecc7c') in 0.004866 seconds 
========================================================================
Received Import Request.
  Time since last request: 0.077670 seconds.
  path: Assets/assets/UI/Fonts/Wellfleet-Regular.ttf
  artifactKey: Guid(9482d70a6f4e89244baf7ef03395f85d) Importer(815301076,1909f56bfc062723c751e8b465ee728b)
Start importing Assets/assets/UI/Fonts/Wellfleet-Regular.ttf using Guid(9482d70a6f4e89244baf7ef03395f85d) Importer(815301076,1909f56bfc062723c751e8b465ee728b)  -> (artifact id: '0d371adbcaf20dc9943af5454d3c1e56') in 0.040373 seconds 
========================================================================
Received Import Request.
  Time since last request: 587.157129 seconds.
  path: Assets/assets/UI/Hearts/PNG/animated
  artifactKey: Guid(71acc1fa41f0d734fbb782420387335c) Importer(815301076,1909f56bfc062723c751e8b465ee728b)
Start importing Assets/assets/UI/Hearts/PNG/animated using Guid(71acc1fa41f0d734fbb782420387335c) Importer(815301076,1909f56bfc062723c751e8b465ee728b)  -> (artifact id: '0496ea10e1a2c858b4e7f747074a84b2') in 0.003267 seconds 
========================================================================
Received Import Request.
  Time since last request: 735.330083 seconds.
  path: Assets/assets/UI/HUD_Version01.png
  artifactKey: Guid(4a5c7bd691a3e2e4abee7931c26e1578) Importer(815301076,1909f56bfc062723c751e8b465ee728b)
Start importing Assets/assets/UI/HUD_Version01.png using Guid(4a5c7bd691a3e2e4abee7931c26e1578) Importer(815301076,1909f56bfc062723c751e8b465ee728b)  -> (artifact id: '8c73db4b0dfeb6eed85a5a44a0d03e2d') in 0.012290 seconds 
AssetImportWorkerClient::OnTransportError - code=2 error=End of file
